<?xml version="1.0" encoding="UTF-8"?>
<!-- Generated by org.testng.reporters.JUnitReportReporter -->
<testsuite hostname="users-MacBook-Pro.local" failures="0" tests="1" name="com.my.tests.FirstTest" time="0.013" errors="0" timestamp="27 Feb 2019 18:22:19 GMT" skipped="0">
  <testcase classname="com.my.tests.FirstTest" name="registerTest" time="0.013"/>
</testsuite> <!-- com.my.tests.FirstTest -->
