<?xml version="1.0" encoding="UTF-8"?>
<!-- Generated by org.testng.reporters.JUnitReportReporter -->
<testsuite hostname="users-MacBook-Pro.local" failures="0" tests="5" name="com.my.tests.HomePageTest" time="95.859" errors="0" timestamp="26 Mar 2019 19:51:02 GMT" skipped="0">
  <testcase classname="com.my.tests.HomePageTest" name="homepageTest" time="5.984"/>
  <testcase classname="com.my.tests.HomePageTest" name="registerTest" time="24.268"/>
  <testcase classname="com.my.tests.HomePageTest" name="loginTest" time="10.245"/>
  <testcase classname="com.my.tests.HomePageTest" name="selectFrame" time="30.646"/>
  <testcase classname="com.my.tests.HomePageTest" name="calculate" time="24.716"/>
</testsuite> <!-- com.my.tests.HomePageTest -->
