<?xml version="1.0" encoding="UTF-8"?>
<!-- Generated by org.testng.reporters.JUnitReportReporter -->
<testsuite hostname="users-MacBook-Pro.local" failures="0" tests="1" name="com.my.tests.RegisterPageTest" time="7.765" errors="0" timestamp="01 Mar 2019 02:52:21 GMT" skipped="0">
  <testcase classname="com.my.tests.RegisterPageTest" name="registerTest" time="7.765"/>
</testsuite> <!-- com.my.tests.RegisterPageTest -->
