<?xml version="1.0" encoding="UTF-8"?>
<!-- Generated by org.testng.reporters.JUnitReportReporter -->
<testsuite hostname="users-MacBook-Pro.local" failures="0" tests="1" name="com.my.homepage.FirstTest" time="1.052" errors="0" timestamp="27 Feb 2019 02:34:07 GMT" skipped="0">
  <testcase classname="com.my.homepage.FirstTest" name="registerTest" time="1.052"/>
</testsuite> <!-- com.my.homepage.FirstTest -->
