<?xml version="1.0" encoding="UTF-8"?>
<!-- Generated by org.testng.reporters.JUnitReportReporter -->
<testsuite hostname="users-MacBook-Pro.local" failures="0" tests="5" name="com.my.tests.HomePageTest" time="93.381" errors="0" timestamp="24 Mar 2019 19:03:55 GMT" skipped="0">
  <testcase classname="com.my.tests.HomePageTest" name="homepageTest" time="5.311"/>
  <testcase classname="com.my.tests.HomePageTest" name="registerTest" time="23.855"/>
  <testcase classname="com.my.tests.HomePageTest" name="loginTest" time="9.805"/>
  <testcase classname="com.my.tests.HomePageTest" name="selectFrame" time="29.832"/>
  <testcase classname="com.my.tests.HomePageTest" name="calculate" time="24.578"/>
</testsuite> <!-- com.my.tests.HomePageTest -->
