<?xml version="1.0" encoding="UTF-8"?>
<!-- Generated by org.testng.reporters.JUnitReportReporter -->
<testsuite hostname="users-MacBook-Pro.local" failures="0" tests="5" name="com.my.tests.HomePageTest" time="102.765" errors="0" timestamp="26 Mar 2019 23:35:57 GMT" skipped="0">
  <testcase classname="com.my.tests.HomePageTest" name="homepageTest" time="6.032"/>
  <testcase classname="com.my.tests.HomePageTest" name="registerTest" time="24.393"/>
  <testcase classname="com.my.tests.HomePageTest" name="loginTest" time="10.259"/>
  <testcase classname="com.my.tests.HomePageTest" name="selectFrame" time="34.739"/>
  <testcase classname="com.my.tests.HomePageTest" name="calculate" time="27.342"/>
</testsuite> <!-- com.my.tests.HomePageTest -->
